OP1: PRODUCT NOT FOUND
OP2: PRODUCT NOT FOUND
OP3: OK
OP4: OK
OP5: PRODUCT NOT FOUND
OP6: OK
OP7: PRODUCT NOT FOUND
OP8: OK
OP9: PRODUCT NOT FOUND
OP10: OK
OP11: PRODUCT NOT FOUND
OP12: OK
OP13: OK
OP14: OK
OP15: PRODUCT NOT FOUND
OP16: OK
OP17: OK
OP18: OK
OP19: OK
OP20: PRODUCT NOT FOUND
OP21: OK
OP22: OK
OP23: OK
OP24: PRODUCT NOT FOUND
OP25: PRODUCT NOT FOUND
OP26: OK
OP27: OK
OP28: OK
OP29: OK
OP30: PRODUCT NOT FOUND
OP31: OK
OP32: OK
OP33: OK
OP34: OK
OP35: OK
OP36: OK
OP37: OK
OP38: OK
OP39: PRODUCT NOT FOUND
OP40: OK
OP41: OK
OP42: OK
OP43: OK
OP44: PRODUCT NOT FOUND
OP45: OK
OP46: OK
OP47: PRODUCT NOT FOUND
OP48: OK
OP49: OK
OP50: OK
OP51: OK
OP52: OK
OP53: OK
OP54: PRODUCT NOT FOUND
OP55: PRODUCT NOT FOUND
OP56: OK
OP57: OK
OP58: PRODUCT NOT FOUND
OP59: OK
OP60: PRODUCT NOT FOUND
OP61: OK
OP62: UNKNOWN OPERATION
OP63: OK
OP64: OK
OP65: UNKNOWN OPERATION
OP66: OK
OP67: OK
OP68: OK
OP69: OK
OP70: OK
OP71: OK
OP72: PRODUCT NOT FOUND
OP73: OK
OP74: PRODUCT NOT FOUND
OP75: OK
OP76: OK
OP77: OK
OP78: PRODUCT NOT FOUND
OP79: PRODUCT NOT FOUND
OP80: OK
OP81: UNKNOWN OPERATION
OP82: PRODUCT NOT FOUND
OP83: OK
OP84: OK
OP85: OK
OP86: PRODUCT NOT FOUND
OP87: OK
OP88: OK
OP89: OK
OP90: PRODUCT NOT FOUND
OP91: PRODUCT NOT FOUND
OP92: OK
OP93: UNKNOWN OPERATION
OP94: OK
OP95: OK
OP96: PRODUCT NOT FOUND
OP97: OK
OP98: OK
OP99: OK
OP100: OK
OP101: OK
OP102: OK
OP103: OK
OP104: PRODUCT NOT FOUND
OP105: UNKNOWN OPERATION
OP106: OK
OP107: OK
OP108: OK
OP109: OK
OP110: PRODUCT NOT FOUND
OP111: OK
OP112: NOT ENOUGH USER MONEY
OP113: OK
OP114: OK
OP115: OK
OP116: OUT OF STOCK
OP117: UNKNOWN OPERATION
OP118: OK
OP119: PRODUCT NOT FOUND
OP120: PRODUCT NOT FOUND
OP121: PRODUCT NOT FOUND
OP122: OUT OF STOCK
OP123: PRODUCT NOT FOUND
OP124: OK
OP125: OK
OP126: OK
OP127: OK
OP128: OK
OP129: OK
OP130: PRODUCT NOT FOUND
OP131: OK
OP132: OK
OP133: OK
OP134: OK
OP135: OK
OP136: PRODUCT NOT FOUND
OP137: OK
OP138: OK
OP139: OK
OP140: OK
OP141: OK
OP142: OK
OP143: OK
OP144: OK
OP145: OK
OP146: OK
OP147: NOT ENOUGH USER MONEY
OP148: OK
OP149: OK
OP150: OK
OP151: OK
OP152: OK
OP153: OK
OP154: OK
OP155: OK
OP156: OK
OP157: OK
OP158: OK
OP159: OK
OP160: UNKNOWN OPERATION
OP161: OK
OP162: OK
OP163: PRODUCT NOT FOUND
OP164: OK
OP165: OK
OP166: OK
OP167: OK
OP168: OK
OP169: OK
OP170: OK
OP171: PRODUCT NOT FOUND
OP172: OK
OP173: OUT OF STOCK
OP174: OK
OP175: UNKNOWN OPERATION
OP176: OK
OP177: OK
OP178: OK
OP179: OK
OP180: OK
OP181: OK
OP182: OK
OP183: OK
OP184: OK
OP185: OK
OP186: NOT ENOUGH USER MONEY
OP187: OK
OP188: OK
OP189: OK
OP190: OK
OP191: OK
OP192: OK
OP193: UNKNOWN OPERATION
OP194: OK
OP195: OK
OP196: OK
OP197: OK
OP198: OK
OP199: OK
OP200: OK
OP201: OK
OP202: OK
OP203: OK
OP204: OK
OP205: OK
OP206: OK
OP207: OK
OP208: OK
OP209: OK
OP210: NOT ENOUGH USER MONEY
OP211: OK
OP212: OK
OP213: OK
OP214: OK
OP215: OK
OP216: OK
OP217: OK
OP218: PRODUCT NOT FOUND
OP219: OK
OP220: OK
OP221: OK
OP222: OK
OP223: OK
OP224: OK
OP225: OK
OP226: OK
OP227: OK
OP228: OK
OP229: UNKNOWN OPERATION
OP230: OK
OP231: OK
OP232: OK
OP233: OK
OP234: OK
OP235: OK
OP236: OK
OP237: OK
OP238: OK
OP239: OK
OP240: NOT ENOUGH USER MONEY
OP241: UNKNOWN OPERATION
OP242: OK
OP243: OK
OP244: OK
OP245: OK
OP246: OK
OP247: UNKNOWN OPERATION
OP248: OUT OF STOCK
OP249: OK
OP250: OK
OP251: OK
OP252: OK
OP253: OK
OP254: OK
OP255: NOT ENOUGH USER MONEY
OP256: OK
OP257: OK
OP258: OK
OP259: OK
OP260: OK
OP261: OK
OP262: OK
OP263: OK
OP264: UNKNOWN OPERATION
OP265: OK
OP266: OK
OP267: UNKNOWN OPERATION
OP268: UNKNOWN OPERATION
OP269: UNKNOWN OPERATION
OP270: OK
OP271: OK
OP272: OUT OF STOCK
OP273: OK
OP274: OUT OF STOCK
OP275: OK
OP276: OK
OP277: OK
OP278: OK
OP279: OK
OP280: OK
OP281: NOT ENOUGH USER MONEY
OP282: OK
OP283: OK
OP284: OK
OP285: OK
OP286: OK
OP287: OK
OP288: OK
OP289: OK
OP290: UNKNOWN OPERATION
OP291: OK
OP292: OUT OF STOCK
OP293: OK
OP294: OK
OP295: PRODUCT NOT FOUND
OP296: OK
OP297: OK
OP298: NOT ENOUGH USER MONEY
OP299: OK
OP300: OK
OP301: OK
OP302: OK
OP303: OK
OP304: OK
OP305: OK
OP306: OK
OP307: OK
OP308: OK
OP309: OK
OP310: OK
OP311: OK
OP312: OK
OP313: OK
OP314: UNKNOWN OPERATION
OP315: OUT OF STOCK
OP316: OK
OP317: OK
OP318: OK
OP319: OK
OP320: NOT ENOUGH USER MONEY
OP321: OK
OP322: OK
OP323: OK
OP324: OK
OP325: OK
OP326: OK
OP327: OK
OP328: OK
OP329: OK
OP330: OK
OP331: OK
OP332: OK
OP333: OK
OP334: OK
OP335: OK
OP336: OK
OP337: OK
OP338: OK
OP339: OK
OP340: OK
OP341: OK
OP342: OK
OP343: OK
OP344: OK
OP345: OK
OP346: OK
OP347: OK
OP348: OK
OP349: OK
OP350: OK
OP351: UNKNOWN OPERATION
OP352: OK
OP353: OK
OP354: OK
OP355: OK
OP356: NOT ENOUGH USER MONEY
OP357: OK
OP358: OK
OP359: OK
OP360: OK
OP361: OK
OP362: OK
OP363: OK
OP364: OK
OP365: UNKNOWN OPERATION
OP366: NOT ENOUGH USER MONEY
OP367: NOT ENOUGH USER MONEY
OP368: OK
OP369: OK
OP370: OK
OP371: NOT ENOUGH USER MONEY
OP372: OK
OP373: OK
OP374: OK
OP375: NOT ENOUGH USER MONEY
OP376: OK
OP377: OK
OP378: OK
OP379: OK
OP380: OK
OP381: OK
OP382: OK
OP383: OK
OP384: UNKNOWN OPERATION
OP385: OK
OP386: OK
OP387: OK
OP388: OK
OP389: OK
OP390: OK
OP391: OUT OF STOCK
OP392: OK
OP393: OK
OP394: NOT ENOUGH USER MONEY
OP395: OK
OP396: OK
OP397: OK
OP398: NOT ENOUGH USER MONEY
OP399: OK
OP400: OK
OP401: OK
OP402: NOT ENOUGH USER MONEY
OP403: OK
OP404: OK
OP405: OK
OP406: OK
OP407: NOT ENOUGH USER MONEY
OP408: OK
OP409: OK
OP410: OK
OP411: OK
OP412: NOT ENOUGH USER MONEY
OP413: OK
OP414: OK
OP415: NOT ENOUGH USER MONEY
OP416: OK
OP417: OK
OP418: OK
OP419: OK
OP420: OK
OP421: OK
OP422: OK
OP423: OK
OP424: OK
OP425: OK
OP426: OK
OP427: NOT ENOUGH USER MONEY
OP428: OK
OP429: OK
OP430: OK
OP431: OK
OP432: NOT ENOUGH USER MONEY
OP433: NOT ENOUGH USER MONEY
OP434: OK
OP435: OK
OP436: OK
OP437: OK
OP438: OK
OP439: OK
OP440: OK
OP441: NOT ENOUGH USER MONEY
OP442: OK
OP443: OK
OP444: OK
OP445: OK
OP446: OK
OP447: OK
OP448: OK
OP449: NOT ENOUGH USER MONEY
OP450: OK
OP451: OK
OP452: OK
OP453: OK
OP454: OK
OP455: OK
OP456: NOT ENOUGH USER MONEY
OP457: OK
OP458: OK
OP459: OK
OP460: OK
OP461: OK
OP462: OK
OP463: OK
OP464: OK
OP465: OK
OP466: OK
OP467: OK
OP468: NOT ENOUGH USER MONEY
OP469: OK
OP470: OK
OP471: NOT ENOUGH USER MONEY
OP472: OK
OP473: OK
OP474: OK
OP475: OK
OP476: OK
OP477: NOT ENOUGH USER MONEY
OP478: OK
OP479: OK
OP480: UNKNOWN OPERATION
OP481: OK
OP482: OK
OP483: OK
OP484: OK
OP485: OK
OP486: OK
OP487: OK
OP488: OK
OP489: OK
OP490: OK
OP491: NOT ENOUGH USER MONEY
OP492: OK
OP493: OK
OP494: OK
OP495: OK
OP496: OK
OP497: OK
OP498: OK
OP499: OK
OP500: OK
OP501: UNKNOWN OPERATION
OP502: OK
OP503: OK
OP504: OK
OP505: OK
OP506: OK
OP507: OK
OP508: OK
OP509: OK
OP510: OK
OP511: OK
OP512: NOT ENOUGH USER MONEY
OP513: UNKNOWN OPERATION
OP514: OK
OP515: OK
OP516: NOT ENOUGH USER MONEY
OP517: OK
OP518: OK
OP519: OK
OP520: OK
OP521: OK
OP522: OK
OP523: OK
OP524: OK
OP525: OK
OP526: OK
OP527: OK
OP528: OK
OP529: OK
OP530: OK
OP531: OK
OP532: OK
OP533: OK
OP534: OK
OP535: OK
OP536: OK
OP537: OK
OP538: NOT ENOUGH USER MONEY
OP539: OK
OP540: OK
OP541: OK
OP542: OK
OP543: OK
OP544: OK
OP545: OK
OP546: NOT ENOUGH USER MONEY
OP547: OK
OP548: OK
OP549: NOT ENOUGH USER MONEY
OP550: OK
OP551: OK
OP552: OK
OP553: OK
OP554: OK
OP555: OK
OP556: OK
OP557: UNKNOWN OPERATION
OP558: OK
OP559: OK
OP560: NOT ENOUGH USER MONEY
OP561: OK
OP562: OK
OP563: OK
OP564: OK
OP565: OK
OP566: OK
OP567: OK
OP568: OK
OP569: OK
OP570: OK
OP571: OK
OP572: OK
OP573: OK
OP574: OK
OP575: OK
OP576: OK
OP577: OK
OP578: OK
OP579: OK
OP580: OK
OP581: OK
OP582: OK
OP583: OK
OP584: OK
OP585: OK
OP586: OK
OP587: OK
OP588: OK
OP589: OK
OP590: UNKNOWN OPERATION
OP591: OK
OP592: OK
OP593: OK
OP594: OK
OP595: OK
OP596: NOT ENOUGH USER MONEY
OP597: OK
OP598: OK
OP599: OK
OP600: OK
OP601: NOT ENOUGH USER MONEY
OP602: NOT ENOUGH USER MONEY
OP603: OK
OP604: OK
OP605: NOT ENOUGH USER MONEY
OP606: OK
OP607: OK
OP608: OK
OP609: OK
OP610: UNKNOWN OPERATION
OP611: OK
OP612: OK
OP613: OK
OP614: OK
OP615: OK
OP616: OK
OP617: OK
OP618: OK
OP619: OK
OP620: OK
OP621: OK
OP622: OK
OP623: OK
OP624: OK
OP625: NOT ENOUGH USER MONEY
OP626: NOT ENOUGH USER MONEY
OP627: OK
OP628: OK
OP629: OK
OP630: OK
OP631: OK
OP632: OK
OP633: NOT ENOUGH USER MONEY
OP634: OK
OP635: OK
OP636: NOT ENOUGH USER MONEY
OP637: OK
OP638: UNKNOWN OPERATION
OP639: OK
OP640: OK
OP641: NOT ENOUGH USER MONEY
OP642: OK
OP643: OK
OP644: OK
OP645: OK
OP646: OK
OP647: OK
OP648: OK
OP649: OK
OP650: OK
OP651: NOT ENOUGH USER MONEY
OP652: OK
OP653: OK
OP654: NOT ENOUGH USER MONEY
OP655: OK
OP656: OK
OP657: OK
OP658: OK
OP659: OK
OP660: OK
OP661: OK
OP662: OK
OP663: OK
OP664: OK
OP665: OK
OP666: OK
OP667: OK
OP668: OK
OP669: OK
OP670: OK
OP671: OK
OP672: OK
OP673: OK
OP674: OK
OP675: OK
OP676: OK
OP677: OK
OP678: OK
OP679: OK
OP680: NOT ENOUGH USER MONEY
OP681: OK
OP682: OK
OP683: OK
OP684: OK
OP685: OK
OP686: OK
OP687: OK
OP688: OK
OP689: OK
OP690: OK
OP691: OK
OP692: OK
OP693: NOT ENOUGH USER MONEY
OP694: OK
OP695: OK
OP696: OK
OP697: OK
OP698: OK
OP699: OK
OP700: OK
OP701: OK
OP702: OK
OP703: OK
OP704: OK
OP705: OK
OP706: OK
OP707: NOT ENOUGH USER MONEY
OP708: OK
OP709: OK
OP710: OK
OP711: OK
OP712: OK
OP713: OK
OP714: OK
OP715: OK
OP716: OK
OP717: OK
OP718: OK
OP719: NOT ENOUGH USER MONEY
OP720: OK
OP721: NOT ENOUGH USER MONEY
OP722: OK
OP723: OK
OP724: OK
OP725: OK
OP726: OK
OP727: UNKNOWN OPERATION
OP728: OK
OP729: OK
OP730: OK
OP731: OK
OP732: UNKNOWN OPERATION
OP733: OK
OP734: OK
OP735: OK
OP736: NOT ENOUGH USER MONEY
OP737: OK
OP738: OK
OP739: OK
OP740: OK
OP741: OK
OP742: OK
OP743: NOT ENOUGH USER MONEY
OP744: NOT ENOUGH USER MONEY
OP745: OK
OP746: OK
OP747: OK
OP748: OK
OP749: OK
OP750: OK
OP751: OK
OP752: OK
OP753: OK
OP754: OK
OP755: OK
OP756: NOT ENOUGH USER MONEY
OP757: OK
OP758: OK
OP759: OK
OP760: NOT ENOUGH USER MONEY
OP761: OK
OP762: OK
OP763: NOT ENOUGH USER MONEY
OP764: OK
OP765: OK
OP766: OK
OP767: OK
OP768: OK
OP769: OK
OP770: OK
OP771: OK
OP772: OK
OP773: OK
OP774: OK
OP775: OK
OP776: OK
OP777: OK
OP778: OK
OP779: OK
OP780: OK
OP781: OK
OP782: OK
OP783: UNKNOWN OPERATION
OP784: OK
OP785: OK
OP786: OK
OP787: OK
OP788: OK
OP789: OK
OP790: OK
OP791: OK
OP792: OK
OP793: OK
OP794: OK
OP795: OK
OP796: OK
OP797: OK
OP798: OK
OP799: OK
OP800: NOT ENOUGH USER MONEY
OP801: OK
OP802: OK
OP803: OK
OP804: NOT ENOUGH USER MONEY
OP805: OK
OP806: OK
OP807: OK
OP808: OK
OP809: OK
OP810: OK
OP811: NOT ENOUGH USER MONEY
OP812: OK
OP813: OK
OP814: OK
OP815: OK
OP816: OK
OP817: OK
OP818: OK
OP819: OK
OP820: NOT ENOUGH USER MONEY
OP821: OK
OP822: OK
OP823: NOT ENOUGH USER MONEY
OP824: OK
OP825: OK
OP826: OK
OP827: OK
OP828: OK
OP829: OK
OP830: OK
OP831: NOT ENOUGH USER MONEY
OP832: OK
OP833: OK
OP834: OK
OP835: OK
OP836: OK
OP837: OK
OP838: OK
OP839: OK
OP840: OK
OP841: OK
OP842: OK
OP843: OK
OP844: OK
OP845: OK
OP846: OK
OP847: OK
OP848: OK
OP849: OK
OP850: OK
OP851: NOT ENOUGH USER MONEY
OP852: OK
OP853: OK
OP854: OK
OP855: OK
OP856: OK
OP857: OK
OP858: OK
OP859: OK
OP860: OK
OP861: OK
OP862: OK
OP863: NOT ENOUGH USER MONEY
OP864: OK
OP865: OK
OP866: NOT ENOUGH USER MONEY
OP867: OK
OP868: OK
OP869: OK
OP870: OK
OP871: OK
OP872: OK
OP873: OK
OP874: OK
OP875: OK
OP876: OK
OP877: OK
OP878: OK
OP879: OK
OP880: OK
OP881: OK
OP882: OK
OP883: OK
OP884: OK
OP885: OK
OP886: OK
OP887: OK
OP888: OK
OP889: OK
OP890: NOT ENOUGH USER MONEY
OP891: OK
OP892: OK
OP893: OK
OP894: OK
OP895: OK
OP896: OK
OP897: OK
OP898: OK
OP899: OK
OP900: UNKNOWN OPERATION
OP901: OK
OP902: OK
OP903: OK
OP904: OK
OP905: OK
OP906: OK
OP907: OK
OP908: OK
OP909: OK
OP910: OK
OP911: OK
OP912: OK
OP913: OK
OP914: NOT ENOUGH USER MONEY
OP915: UNKNOWN OPERATION
OP916: OK
OP917: OK
OP918: OK
OP919: OK
OP920: NOT ENOUGH USER MONEY
OP921: OK
OP922: OK
OP923: OK
OP924: NOT ENOUGH USER MONEY
OP925: NOT ENOUGH USER MONEY
OP926: NOT ENOUGH USER MONEY
OP927: OK
OP928: OK
OP929: UNKNOWN OPERATION
OP930: OK
OP931: OK
OP932: OK
OP933: OK
OP934: OK
OP935: OK
OP936: OK
OP937: OK
OP938: OK
OP939: OK
OP940: OK
OP941: OK
OP942: OK
OP943: OK
OP944: OK
OP945: OK
OP946: OK
OP947: OK
OP948: OK
OP949: OK
OP950: OK
OP951: OK
OP952: OK
OP953: OK
OP954: OK
OP955: NOT ENOUGH USER MONEY
OP956: OK
OP957: OK
OP958: OK
OP959: OK
OP960: NOT ENOUGH USER MONEY
OP961: OK
OP962: UNKNOWN OPERATION
OP963: OK
OP964: OK
OP965: OK
OP966: OK
OP967: OK
OP968: OK
OP969: OK
OP970: OK
OP971: OK
OP972: OK
OP973: OK
OP974: OK
OP975: OK
OP976: OK
OP977: OK
OP978: OK
OP979: OK
OP980: NOT ENOUGH USER MONEY
OP981: OK
OP982: OK
OP983: OK
OP984: OK
OP985: OK
OP986: OK
OP987: OK
OP988: OK
OP989: NOT ENOUGH USER MONEY
OP990: OK
OP991: OK
OP992: OK
OP993: OK
OP994: OK
OP995: OK
OP996: OK
OP997: OK
OP998: OK
OP999: OK
OP1000: OK
