OP1: PRODUCT NOT FOUND
OP2: OK
OP3: OK
OP4: OK
OP5: OK
OP6: PRODUCT NOT FOUND
OP7: OK
OP8: PRODUCT NOT FOUND
OP9: OK
OP10: OK
OP11: PRODUCT NOT FOUND
OP12: OK
OP13: OK
OP14: PRODUCT NOT FOUND
OP15: OK
OP16: PRODUCT NOT FOUND
OP17: OK
OP18: OK
OP19: OK
OP20: OK
OP21: OK
OP22: OK
OP23: UNKNOWN OPERATION
OP24: UNKNOWN OPERATION
OP25: PRODUCT NOT FOUND
OP26: OK
OP27: OK
OP28: PRODUCT NOT FOUND
OP29: OK
OP30: UNKNOWN OPERATION
OP31: OK
OP32: OK
OP33: OK
OP34: PRODUCT NOT FOUND
OP35: OK
OP36: PRODUCT NOT FOUND
OP37: OUT OF STOCK
OP38: OK
OP39: PRODUCT NOT FOUND
OP40: OK
OP41: PRODUCT NOT FOUND
OP42: OK
OP43: OK
OP44: OK
OP45: OK
OP46: OK
OP47: OK
OP48: UNKNOWN OPERATION
OP49: OK
OP50: OK
OP51: OK
OP52: OK
OP53: OK
OP54: OK
OP55: OK
OP56: OK
OP57: OK
OP58: OK
OP59: OK
OP60: OK
OP61: OK
OP62: OK
OP63: OK
OP64: OK
OP65: OK
OP66: OUT OF STOCK
OP67: OK
OP68: OK
OP69: OK
OP70: OK
OP71: OK
OP72: OUT OF STOCK
OP73: OK
OP74: OK
OP75: OK
OP76: OK
OP77: OK
OP78: OK
OP79: OK
OP80: OK
OP81: OK
OP82: OK
OP83: OK
OP84: OK
OP85: OK
OP86: OK
OP87: OK
OP88: OK
OP89: OK
OP90: OK
OP91: OK
OP92: OK
OP93: OK
OP94: OK
OP95: OK
OP96: PRODUCT NOT FOUND
OP97: OK
OP98: PRODUCT NOT FOUND
OP99: OK
OP100: OK
OP101: OK
OP102: OK
OP103: OK
OP104: OK
OP105: OK
OP106: OK
OP107: OK
OP108: OK
OP109: OK
OP110: OK
OP111: OK
OP112: OK
OP113: OK
OP114: OK
OP115: OK
OP116: OK
OP117: OUT OF STOCK
OP118: OK
OP119: OK
OP120: OK
OP121: OK
OP122: OK
OP123: OK
OP124: OK
OP125: OK
OP126: OK
OP127: OK
OP128: OK
OP129: OK
OP130: OK
OP131: OK
OP132: OK
OP133: OK
OP134: OK
OP135: OK
OP136: OK
OP137: OK
OP138: NOT ENOUGH USER MONEY
OP139: OK
OP140: OK
OP141: OK
OP142: OK
OP143: OK
OP144: PRODUCT NOT FOUND
OP145: NOT ENOUGH USER MONEY
OP146: OK
OP147: OK
OP148: UNKNOWN OPERATION
OP149: OK
OP150: OK
OP151: OK
OP152: OK
OP153: NOT ENOUGH USER MONEY
OP154: OK
OP155: OK
OP156: OK
OP157: OK
OP158: OK
OP159: OK
OP160: OK
OP161: OK
OP162: OK
OP163: OK
OP164: OK
OP165: PRODUCT NOT FOUND
OP166: OK
OP167: OK
OP168: OK
OP169: NOT ENOUGH USER MONEY
OP170: OK
OP171: OK
OP172: OK
OP173: UNKNOWN OPERATION
OP174: OK
OP175: OK
OP176: OK
OP177: OK
OP178: OK
OP179: OK
OP180: OK
OP181: OK
OP182: OK
OP183: NOT ENOUGH USER MONEY
OP184: OK
OP185: OK
OP186: OK
OP187: OK
OP188: OK
OP189: OK
OP190: NOT ENOUGH USER MONEY
OP191: OK
OP192: OK
OP193: OK
OP194: OK
OP195: OK
OP196: OK
OP197: OK
OP198: OK
OP199: OK
OP200: OK
OP201: OK
OP202: OK
OP203: OK
OP204: PRODUCT NOT FOUND
OP205: OK
OP206: OK
OP207: OK
OP208: OK
OP209: OK
OP210: OK
OP211: OK
OP212: OK
OP213: OK
OP214: UNKNOWN OPERATION
OP215: OK
OP216: OK
OP217: OK
OP218: OK
OP219: OK
OP220: OK
OP221: OK
OP222: UNKNOWN OPERATION
OP223: OK
OP224: OK
OP225: OK
OP226: OK
OP227: OK
OP228: OK
OP229: OK
OP230: OK
OP231: OK
OP232: OK
OP233: OK
OP234: OK
OP235: OK
OP236: OK
OP237: OK
OP238: OK
OP239: OK
OP240: OK
OP241: OK
OP242: OK
OP243: OK
OP244: OK
OP245: OK
OP246: OK
OP247: NOT ENOUGH USER MONEY
OP248: OK
OP249: OK
OP250: OK
OP251: OK
OP252: OK
OP253: OK
OP254: OK
OP255: OK
OP256: OK
OP257: OK
OP258: OK
OP259: OK
OP260: OK
OP261: PRODUCT NOT FOUND
OP262: OK
OP263: OK
OP264: OK
OP265: OK
OP266: OK
OP267: NOT ENOUGH USER MONEY
OP268: UNKNOWN OPERATION
OP269: OK
OP270: OK
OP271: OK
OP272: UNKNOWN OPERATION
OP273: OK
OP274: OK
OP275: OK
OP276: OK
OP277: NOT ENOUGH USER MONEY
OP278: OK
OP279: NOT ENOUGH USER MONEY
OP280: OK
OP281: OK
OP282: OK
OP283: OK
OP284: OK
OP285: OK
OP286: UNKNOWN OPERATION
OP287: OK
OP288: OK
OP289: OK
OP290: OK
OP291: NOT ENOUGH USER MONEY
OP292: OK
OP293: UNKNOWN OPERATION
OP294: OK
OP295: OK
OP296: OK
OP297: OK
OP298: OK
OP299: NOT ENOUGH USER MONEY
OP300: OK
OP301: OK
OP302: OK
OP303: OK
OP304: OK
OP305: OK
OP306: OK
OP307: OK
OP308: OK
OP309: OK
OP310: OK
OP311: OK
OP312: OK
OP313: OK
OP314: OK
OP315: OK
OP316: OK
OP317: OK
OP318: OK
OP319: OK
OP320: OK
OP321: OK
OP322: OK
OP323: UNKNOWN OPERATION
OP324: OK
OP325: OK
OP326: OK
OP327: OK
OP328: OK
OP329: OK
OP330: OK
OP331: OK
OP332: OK
OP333: OK
OP334: OK
OP335: NOT ENOUGH USER MONEY
OP336: OK
OP337: OK
OP338: OK
OP339: OK
OP340: OK
OP341: OK
OP342: OK
OP343: OK
OP344: OK
OP345: OK
OP346: OK
OP347: NOT ENOUGH USER MONEY
OP348: OK
OP349: OK
OP350: OK
OP351: OK
OP352: OK
OP353: OK
OP354: OK
OP355: OK
OP356: OK
OP357: OK
OP358: OK
OP359: OK
OP360: OK
OP361: OK
OP362: UNKNOWN OPERATION
OP363: OK
OP364: OK
OP365: OK
OP366: NOT ENOUGH USER MONEY
OP367: OK
OP368: OK
OP369: OK
OP370: OK
OP371: OK
OP372: OK
OP373: OK
OP374: OK
OP375: OK
OP376: OK
OP377: OK
OP378: NOT ENOUGH USER MONEY
OP379: OK
OP380: OK
OP381: OK
OP382: OK
OP383: OK
OP384: NOT ENOUGH USER MONEY
OP385: OK
OP386: OK
OP387: NOT ENOUGH USER MONEY
OP388: NOT ENOUGH USER MONEY
OP389: OK
OP390: OK
OP391: OK
OP392: OK
OP393: OK
OP394: OK
OP395: OK
OP396: OK
OP397: OK
OP398: OK
OP399: OK
OP400: UNKNOWN OPERATION
OP401: OK
OP402: NOT ENOUGH USER MONEY
OP403: OK
OP404: OK
OP405: OK
OP406: OK
OP407: OK
OP408: OK
OP409: OK
OP410: OK
OP411: OK
OP412: OK
OP413: OK
OP414: OK
OP415: OK
OP416: OK
OP417: OK
OP418: OK
OP419: OK
OP420: OK
OP421: OK
OP422: OK
OP423: OK
OP424: OK
OP425: OK
OP426: OK
OP427: OK
OP428: OK
OP429: OK
OP430: OK
OP431: OK
OP432: NOT ENOUGH USER MONEY
OP433: OK
OP434: OK
OP435: OK
OP436: OK
OP437: OK
OP438: OK
OP439: OK
OP440: OK
OP441: OK
OP442: OK
OP443: OK
OP444: OK
OP445: OK
OP446: OK
OP447: OK
OP448: OK
OP449: UNKNOWN OPERATION
OP450: OK
OP451: OK
OP452: OK
OP453: OK
OP454: NOT ENOUGH USER MONEY
OP455: OK
OP456: OK
OP457: OK
OP458: OK
OP459: OK
OP460: OK
OP461: OK
OP462: OK
OP463: OK
OP464: OK
OP465: OK
OP466: OK
OP467: OK
OP468: OK
OP469: OK
OP470: OK
OP471: OK
OP472: OK
OP473: NOT ENOUGH USER MONEY
OP474: OK
OP475: OK
OP476: OK
OP477: OK
OP478: OK
OP479: OK
OP480: OK
OP481: OK
OP482: OK
OP483: NOT ENOUGH USER MONEY
OP484: OK
OP485: OK
OP486: OK
OP487: OK
OP488: UNKNOWN OPERATION
OP489: OK
OP490: OK
OP491: OK
OP492: OK
OP493: OK
OP494: OK
OP495: OK
OP496: OK
OP497: OK
OP498: NOT ENOUGH USER MONEY
OP499: OK
OP500: OK
OP501: OK
OP502: NOT ENOUGH USER MONEY
OP503: OK
OP504: OK
OP505: OK
OP506: OK
OP507: OK
OP508: OK
OP509: OK
OP510: OK
OP511: OK
OP512: OK
OP513: OK
OP514: OK
OP515: OK
OP516: OK
OP517: OK
OP518: OK
OP519: OK
OP520: OK
OP521: OK
OP522: OK
OP523: OK
OP524: OK
OP525: OK
OP526: NOT ENOUGH USER MONEY
OP527: OK
OP528: OK
OP529: OK
OP530: OK
OP531: OK
OP532: OK
OP533: OK
OP534: OK
OP535: OK
OP536: OK
OP537: OK
OP538: OK
OP539: OK
OP540: UNKNOWN OPERATION
OP541: OK
OP542: OK
OP543: OK
OP544: OK
OP545: OK
OP546: NOT ENOUGH USER MONEY
OP547: OK
OP548: OK
OP549: OK
OP550: OK
OP551: OK
OP552: OK
OP553: OK
OP554: OK
OP555: OK
OP556: OK
OP557: OK
OP558: OK
OP559: OK
OP560: OK
OP561: OK
OP562: OK
OP563: OK
OP564: OK
OP565: OK
OP566: OK
OP567: OK
OP568: OK
OP569: OK
OP570: NOT ENOUGH USER MONEY
OP571: OK
OP572: OK
OP573: OK
OP574: OK
OP575: OK
OP576: OK
OP577: OK
OP578: OK
OP579: OK
OP580: OK
OP581: OK
OP582: OK
OP583: OK
OP584: OK
OP585: OK
OP586: OK
OP587: OK
OP588: NOT ENOUGH USER MONEY
OP589: OK
OP590: OK
OP591: UNKNOWN OPERATION
OP592: OK
OP593: OK
OP594: UNKNOWN OPERATION
OP595: UNKNOWN OPERATION
OP596: OK
OP597: OK
OP598: OK
OP599: UNKNOWN OPERATION
OP600: OK
OP601: OK
OP602: OK
OP603: OK
OP604: OK
OP605: OK
OP606: OK
OP607: OK
OP608: OK
OP609: UNKNOWN OPERATION
OP610: OK
OP611: UNKNOWN OPERATION
OP612: OK
OP613: OK
OP614: OK
OP615: NOT ENOUGH USER MONEY
OP616: OK
OP617: OK
OP618: OK
OP619: OK
OP620: OK
OP621: OK
OP622: OK
OP623: OK
OP624: OK
OP625: OK
OP626: OK
OP627: NOT ENOUGH USER MONEY
OP628: OK
OP629: OK
OP630: OK
OP631: OK
OP632: OK
OP633: OK
OP634: OK
OP635: OK
OP636: OK
OP637: OK
OP638: OK
OP639: OK
OP640: OK
OP641: OK
OP642: OK
OP643: OK
OP644: OK
OP645: OK
OP646: OK
OP647: OK
OP648: OK
OP649: OK
OP650: OK
OP651: OK
OP652: OK
OP653: NOT ENOUGH USER MONEY
OP654: OK
OP655: OK
OP656: OK
OP657: OK
OP658: UNKNOWN OPERATION
OP659: NOT ENOUGH USER MONEY
OP660: OK
OP661: OK
OP662: OK
OP663: OK
OP664: OK
OP665: OK
OP666: OK
OP667: OK
OP668: OK
OP669: OK
OP670: OK
OP671: OK
OP672: OK
OP673: OK
OP674: OK
OP675: OK
OP676: OK
OP677: OK
OP678: OK
OP679: OK
OP680: NOT ENOUGH USER MONEY
OP681: OK
OP682: NOT ENOUGH USER MONEY
OP683: OK
OP684: OK
OP685: OK
OP686: OK
OP687: OK
OP688: OK
OP689: OK
OP690: OK
OP691: OK
OP692: OK
OP693: NOT ENOUGH USER MONEY
OP694: NOT ENOUGH USER MONEY
OP695: OK
OP696: OK
OP697: OK
OP698: OK
OP699: OK
OP700: OK
OP701: OK
OP702: OK
OP703: OK
OP704: OK
OP705: OK
OP706: OK
OP707: OK
OP708: OK
OP709: OK
OP710: OK
OP711: NOT ENOUGH USER MONEY
OP712: OK
OP713: OK
OP714: OK
OP715: OK
OP716: OK
OP717: UNKNOWN OPERATION
OP718: OK
OP719: OK
OP720: OK
OP721: OK
OP722: NOT ENOUGH USER MONEY
OP723: OK
OP724: OK
OP725: OK
OP726: OK
OP727: OK
OP728: OK
OP729: OK
OP730: OK
OP731: OK
OP732: OK
OP733: OK
OP734: NOT ENOUGH USER MONEY
OP735: OK
OP736: OK
OP737: OK
OP738: OK
OP739: OK
OP740: NOT ENOUGH USER MONEY
OP741: OK
OP742: OK
OP743: OK
OP744: OK
OP745: OK
OP746: OK
OP747: NOT ENOUGH USER MONEY
OP748: OK
OP749: OK
OP750: OK
OP751: NOT ENOUGH USER MONEY
OP752: OK
OP753: OK
OP754: OK
OP755: OK
OP756: OK
OP757: OK
OP758: OK
OP759: OK
OP760: OK
OP761: OK
OP762: OK
OP763: OK
OP764: UNKNOWN OPERATION
OP765: OK
OP766: OK
OP767: OK
OP768: OK
OP769: OK
OP770: OK
OP771: OK
OP772: OK
OP773: OK
OP774: OK
OP775: OK
OP776: OK
OP777: OK
OP778: OK
OP779: OK
OP780: OK
OP781: NOT ENOUGH USER MONEY
OP782: OK
OP783: OK
OP784: OK
OP785: OK
OP786: OK
OP787: OK
OP788: OK
OP789: OK
OP790: OK
OP791: OK
OP792: OK
OP793: NOT ENOUGH USER MONEY
OP794: UNKNOWN OPERATION
OP795: NOT ENOUGH USER MONEY
OP796: OK
OP797: OK
OP798: OK
OP799: OK
OP800: NOT ENOUGH USER MONEY
OP801: OK
OP802: OK
OP803: OK
OP804: OK
OP805: OK
OP806: OK
OP807: OK
OP808: OK
OP809: OK
OP810: OK
OP811: OK
OP812: OK
OP813: OK
OP814: OK
OP815: OK
OP816: OK
OP817: OK
OP818: OK
OP819: OK
OP820: NOT ENOUGH USER MONEY
OP821: OK
OP822: OK
OP823: OK
OP824: NOT ENOUGH USER MONEY
OP825: OK
OP826: OK
OP827: OK
OP828: OK
OP829: OK
OP830: OK
OP831: OK
OP832: OK
OP833: OK
OP834: NOT ENOUGH USER MONEY
OP835: OK
OP836: OK
OP837: OK
OP838: OK
OP839: OK
OP840: OK
OP841: NOT ENOUGH USER MONEY
OP842: OK
OP843: OK
OP844: UNKNOWN OPERATION
OP845: OK
OP846: NOT ENOUGH USER MONEY
OP847: NOT ENOUGH USER MONEY
OP848: OK
OP849: OK
OP850: OK
OP851: UNKNOWN OPERATION
OP852: OK
OP853: OK
OP854: OK
OP855: OK
OP856: OK
OP857: NOT ENOUGH USER MONEY
OP858: OK
OP859: OK
OP860: OK
OP861: OK
OP862: OK
OP863: NOT ENOUGH USER MONEY
OP864: OK
OP865: OK
OP866: OK
OP867: OK
OP868: OK
OP869: OK
OP870: NOT ENOUGH USER MONEY
OP871: OK
OP872: OK
OP873: OK
OP874: OK
OP875: OK
OP876: OK
OP877: OK
OP878: OK
OP879: OK
OP880: OK
OP881: OK
OP882: NOT ENOUGH USER MONEY
OP883: OK
OP884: OK
OP885: OK
OP886: OK
OP887: OK
OP888: OK
OP889: OK
OP890: OK
OP891: OK
OP892: OK
OP893: OK
OP894: OK
OP895: OK
OP896: OK
OP897: OK
OP898: NOT ENOUGH USER MONEY
OP899: OK
OP900: OK
OP901: OK
OP902: UNKNOWN OPERATION
OP903: OK
OP904: OK
OP905: NOT ENOUGH USER MONEY
OP906: OK
OP907: OK
OP908: OK
OP909: OK
OP910: OK
OP911: OK
OP912: OK
OP913: NOT ENOUGH USER MONEY
OP914: OK
OP915: OK
OP916: NOT ENOUGH USER MONEY
OP917: OK
OP918: OK
OP919: OK
OP920: OK
OP921: OK
OP922: OK
OP923: OK
OP924: OK
OP925: UNKNOWN OPERATION
OP926: OK
OP927: OK
OP928: OK
OP929: OK
OP930: OK
OP931: OK
OP932: OK
OP933: OK
OP934: OK
OP935: NOT ENOUGH USER MONEY
OP936: OK
OP937: NOT ENOUGH USER MONEY
OP938: NOT ENOUGH USER MONEY
OP939: OK
OP940: OK
OP941: OK
OP942: OK
OP943: NOT ENOUGH USER MONEY
OP944: OK
OP945: OK
OP946: OK
OP947: NOT ENOUGH USER MONEY
OP948: OK
OP949: OK
OP950: OK
OP951: OK
OP952: OK
OP953: OK
OP954: OK
OP955: OK
OP956: OK
OP957: OK
OP958: OK
OP959: OK
OP960: OK
OP961: OK
OP962: OK
OP963: OK
OP964: OK
OP965: OK
OP966: OK
OP967: UNKNOWN OPERATION
OP968: OK
OP969: OK
OP970: OK
OP971: OK
OP972: UNKNOWN OPERATION
OP973: OK
OP974: OK
OP975: OK
OP976: OK
OP977: NOT ENOUGH USER MONEY
OP978: OK
OP979: OK
OP980: OK
OP981: OK
OP982: OK
OP983: OK
OP984: OK
OP985: OK
OP986: OK
OP987: OK
OP988: OK
OP989: OK
OP990: OK
OP991: OK
OP992: OK
OP993: OK
OP994: OK
OP995: OK
OP996: OK
OP997: OK
OP998: OK
OP999: OK
OP1000: OK
