OP1: PRODUCT NOT FOUND
OP2: OK
OP3: PRODUCT NOT FOUND
OP4: OK
OP5: OK
OP6: OK
OP7: PRODUCT NOT FOUND
OP8: PRODUCT NOT FOUND
OP9: PRODUCT NOT FOUND
OP10: OK
OP11: PRODUCT NOT FOUND
OP12: PRODUCT NOT FOUND
OP13: OK
OP14: OK
OP15: OK
OP16: OK
OP17: OK
OP18: OK
OP19: OK
OP20: PRODUCT NOT FOUND
OP21: UNKNOWN OPERATION
OP22: OK
OP23: PRODUCT NOT FOUND
OP24: OK
OP25: OK
OP26: OK
OP27: PRODUCT NOT FOUND
OP28: OK
OP29: PRODUCT NOT FOUND
OP30: UNKNOWN OPERATION
OP31: PRODUCT NOT FOUND
OP32: OK
OP33: OK
OP34: OK
OP35: OK
OP36: OK
OP37: OK
OP38: OK
OP39: PRODUCT NOT FOUND
OP40: OK
OP41: PRODUCT NOT FOUND
OP42: OK
OP43: OK
OP44: PRODUCT NOT FOUND
OP45: OK
OP46: OK
OP47: OK
OP48: PRODUCT NOT FOUND
OP49: OK
OP50: OK
OP51: PRODUCT NOT FOUND
OP52: PRODUCT NOT FOUND
OP53: PRODUCT NOT FOUND
OP54: OK
OP55: OK
OP56: NOT ENOUGH USER MONEY
OP57: PRODUCT NOT FOUND
OP58: OK
OP59: OK
OP60: OK
OP61: OK
OP62: NOT ENOUGH USER MONEY
OP63: PRODUCT NOT FOUND
OP64: PRODUCT NOT FOUND
OP65: OK
OP66: OK
OP67: OK
OP68: OK
OP69: OK
OP70: OK
OP71: OK
OP72: UNKNOWN OPERATION
OP73: OK
OP74: NOT ENOUGH USER MONEY
OP75: OK
OP76: OK
OP77: PRODUCT NOT FOUND
OP78: PRODUCT NOT FOUND
OP79: OK
OP80: OK
OP81: OK
OP82: OK
OP83: OK
OP84: OK
OP85: OK
OP86: OK
OP87: OK
OP88: OK
OP89: OK
OP90: OK
OP91: OK
OP92: OK
OP93: OK
OP94: OK
OP95: OK
OP96: OUT OF STOCK
OP97: OK
OP98: OK
OP99: OK
OP100: OK
OP101: OK
OP102: UNKNOWN OPERATION
OP103: OK
OP104: OK
OP105: OK
OP106: PRODUCT NOT FOUND
OP107: OK
OP108: UNKNOWN OPERATION
OP109: OK
OP110: OK
OP111: UNKNOWN OPERATION
OP112: OK
OP113: PRODUCT NOT FOUND
OP114: OK
OP115: OK
OP116: OK
OP117: OK
OP118: OK
OP119: OK
OP120: OK
OP121: OK
OP122: OK
OP123: OK
OP124: OK
OP125: OK
OP126: OK
OP127: OK
OP128: PRODUCT NOT FOUND
OP129: OK
OP130: OK
OP131: OK
OP132: OK
OP133: PRODUCT NOT FOUND
OP134: OK
OP135: OK
OP136: OK
OP137: OK
OP138: NOT ENOUGH USER MONEY
OP139: PRODUCT NOT FOUND
OP140: OK
OP141: PRODUCT NOT FOUND
OP142: PRODUCT NOT FOUND
OP143: OK
OP144: NOT ENOUGH USER MONEY
OP145: OK
OP146: OK
OP147: OK
OP148: PRODUCT NOT FOUND
OP149: OK
OP150: OK
OP151: OK
OP152: OK
OP153: OK
OP154: OK
OP155: OK
OP156: OK
OP157: OK
OP158: UNKNOWN OPERATION
OP159: OK
OP160: OK
OP161: OK
OP162: OK
OP163: OK
OP164: OK
OP165: OK
OP166: OK
OP167: OK
OP168: OK
OP169: NOT ENOUGH USER MONEY
OP170: OK
OP171: OK
OP172: OK
OP173: UNKNOWN OPERATION
OP174: OK
OP175: OK
OP176: OK
OP177: OK
OP178: OK
OP179: OK
OP180: OK
OP181: OK
OP182: OK
OP183: OK
OP184: OK
OP185: OK
OP186: OK
OP187: OK
OP188: UNKNOWN OPERATION
OP189: OK
OP190: OK
OP191: OK
OP192: OK
OP193: OK
OP194: OK
OP195: OK
OP196: OK
OP197: OK
OP198: OK
OP199: OK
OP200: OK
OP201: OK
OP202: OK
OP203: OK
OP204: OK
OP205: OK
OP206: UNKNOWN OPERATION
OP207: OK
OP208: OK
OP209: OK
OP210: OK
OP211: OK
OP212: OK
OP213: OK
OP214: OK
OP215: NOT ENOUGH USER MONEY
OP216: OK
OP217: OK
OP218: OK
OP219: OK
OP220: OK
OP221: OK
OP222: OK
OP223: OK
OP224: UNKNOWN OPERATION
OP225: OK
OP226: OK
OP227: OK
OP228: OK
OP229: OK
OP230: OK
OP231: OK
OP232: OK
OP233: OK
OP234: OK
OP235: OK
OP236: OK
OP237: OK
OP238: OK
OP239: OK
OP240: OK
OP241: OK
OP242: OK
OP243: OK
OP244: OK
OP245: NOT ENOUGH USER MONEY
OP246: OK
OP247: OK
OP248: OK
OP249: OK
OP250: OK
OP251: OK
OP252: OK
OP253: OK
OP254: OK
OP255: OK
OP256: OK
OP257: OK
OP258: OK
OP259: OK
OP260: OK
OP261: UNKNOWN OPERATION
OP262: OK
OP263: UNKNOWN OPERATION
OP264: OK
OP265: OK
OP266: OK
OP267: OK
OP268: OK
OP269: UNKNOWN OPERATION
OP270: NOT ENOUGH USER MONEY
OP271: OK
OP272: OK
OP273: OK
OP274: OK
OP275: OK
OP276: OK
OP277: OK
OP278: OK
OP279: PRODUCT NOT FOUND
OP280: OK
OP281: OK
OP282: OK
OP283: OK
OP284: OK
OP285: OK
OP286: OK
OP287: OK
OP288: OK
OP289: OK
OP290: OK
OP291: OK
OP292: OK
OP293: OK
OP294: OK
OP295: OK
OP296: NOT ENOUGH USER MONEY
OP297: OK
OP298: OK
OP299: UNKNOWN OPERATION
OP300: OK
OP301: OK
OP302: OK
OP303: OK
OP304: OK
OP305: OK
OP306: OK
OP307: OK
OP308: OK
OP309: OK
OP310: OK
OP311: OK
OP312: OK
OP313: OK
OP314: OK
OP315: UNKNOWN OPERATION
OP316: OK
OP317: NOT ENOUGH USER MONEY
OP318: OK
OP319: OK
OP320: OK
OP321: OK
OP322: OK
OP323: OK
OP324: OK
OP325: OK
OP326: OK
OP327: OK
OP328: OK
OP329: OK
OP330: OK
OP331: OK
OP332: OK
OP333: OK
OP334: NOT ENOUGH USER MONEY
OP335: OK
OP336: OK
OP337: OK
OP338: OK
OP339: OK
OP340: OK
OP341: OK
OP342: OK
OP343: OK
OP344: OK
OP345: OK
OP346: OK
OP347: OK
OP348: OK
OP349: OK
OP350: OK
OP351: OK
OP352: OK
OP353: OK
OP354: OK
OP355: OK
OP356: OK
OP357: OK
OP358: OK
OP359: OK
OP360: OK
OP361: UNKNOWN OPERATION
OP362: OK
OP363: OK
OP364: OK
OP365: OK
OP366: UNKNOWN OPERATION
OP367: OK
OP368: OK
OP369: OK
OP370: OK
OP371: OK
OP372: OK
OP373: OK
OP374: OK
OP375: OK
OP376: OK
OP377: OK
OP378: OK
OP379: OK
OP380: UNKNOWN OPERATION
OP381: OK
OP382: OK
OP383: OK
OP384: OK
OP385: OK
OP386: NOT ENOUGH USER MONEY
OP387: OK
OP388: OK
OP389: OK
OP390: OK
OP391: UNKNOWN OPERATION
OP392: OK
OP393: OK
OP394: OK
OP395: OK
OP396: OK
OP397: OK
OP398: OK
OP399: OK
OP400: OK
OP401: OK
OP402: OK
OP403: OK
OP404: OK
OP405: OK
OP406: OK
OP407: OK
OP408: OK
OP409: OK
OP410: OK
OP411: OK
OP412: OK
OP413: OK
OP414: OK
OP415: OK
OP416: OK
OP417: OK
OP418: OK
OP419: OK
OP420: NOT ENOUGH USER MONEY
OP421: UNKNOWN OPERATION
OP422: OK
OP423: OK
OP424: OK
OP425: OK
OP426: OK
OP427: OK
OP428: OK
OP429: NOT ENOUGH USER MONEY
OP430: OK
OP431: OK
OP432: OK
OP433: OK
OP434: OK
OP435: OK
OP436: OK
OP437: OK
OP438: NOT ENOUGH USER MONEY
OP439: OK
OP440: OK
OP441: OK
OP442: OK
OP443: OK
OP444: OK
OP445: OK
OP446: OK
OP447: OK
OP448: OK
OP449: OK
OP450: OK
OP451: OK
OP452: OK
OP453: NOT ENOUGH USER MONEY
OP454: OK
OP455: OK
OP456: NOT ENOUGH USER MONEY
OP457: NOT ENOUGH USER MONEY
OP458: NOT ENOUGH USER MONEY
OP459: OK
OP460: OK
OP461: OK
OP462: NOT ENOUGH USER MONEY
OP463: OK
OP464: OK
OP465: OK
OP466: OK
OP467: OK
OP468: OK
OP469: OK
OP470: OK
OP471: OK
OP472: OK
OP473: OK
OP474: OK
OP475: OK
OP476: OK
OP477: OK
OP478: OUT OF STOCK
OP479: OK
OP480: OK
OP481: OK
OP482: OK
OP483: OK
OP484: OK
OP485: OK
OP486: OK
OP487: OK
OP488: OK
OP489: OK
OP490: OK
OP491: OK
OP492: OK
OP493: OK
OP494: NOT ENOUGH USER MONEY
OP495: OK
OP496: OK
OP497: OK
OP498: OK
OP499: OK
OP500: OK
OP501: OK
OP502: OK
OP503: OK
OP504: OK
OP505: NOT ENOUGH USER MONEY
OP506: OK
OP507: OK
OP508: OK
OP509: OK
OP510: OK
OP511: OK
OP512: OK
OP513: OK
OP514: OK
OP515: OUT OF STOCK
OP516: OK
OP517: NOT ENOUGH USER MONEY
OP518: OK
OP519: OK
OP520: NOT ENOUGH USER MONEY
OP521: OK
OP522: OK
OP523: OK
OP524: OK
OP525: NOT ENOUGH USER MONEY
OP526: OK
OP527: OK
OP528: OK
OP529: OK
OP530: OK
OP531: OK
OP532: NOT ENOUGH USER MONEY
OP533: OK
OP534: OK
OP535: OK
OP536: OK
OP537: OK
OP538: OK
OP539: OK
OP540: OK
OP541: OK
OP542: OK
OP543: OK
OP544: OK
OP545: NOT ENOUGH USER MONEY
OP546: UNKNOWN OPERATION
OP547: OK
OP548: UNKNOWN OPERATION
OP549: OK
OP550: OK
OP551: OK
OP552: OK
OP553: OK
OP554: OK
OP555: OK
OP556: OK
OP557: OK
OP558: OK
OP559: OK
OP560: OK
OP561: OK
OP562: OK
OP563: NOT ENOUGH USER MONEY
OP564: OK
OP565: OK
OP566: OK
OP567: OK
OP568: OK
OP569: OK
OP570: OK
OP571: OK
OP572: OK
OP573: NOT ENOUGH USER MONEY
OP574: OK
OP575: OK
OP576: OK
OP577: OK
OP578: OK
OP579: OK
OP580: UNKNOWN OPERATION
OP581: NOT ENOUGH USER MONEY
OP582: OK
OP583: OK
OP584: OK
OP585: OK
OP586: OK
OP587: OK
OP588: OK
OP589: NOT ENOUGH USER MONEY
OP590: OK
OP591: OK
OP592: OK
OP593: OK
OP594: UNKNOWN OPERATION
OP595: OK
OP596: OK
OP597: OK
OP598: OK
OP599: OK
OP600: OK
OP601: OK
OP602: OK
OP603: OK
OP604: OK
OP605: OK
OP606: OK
OP607: OK
OP608: OK
OP609: OK
OP610: OK
OP611: OK
OP612: OK
OP613: OK
OP614: OK
OP615: OK
OP616: OK
OP617: OK
OP618: OK
OP619: OK
OP620: OK
OP621: NOT ENOUGH USER MONEY
OP622: OK
OP623: OK
OP624: OK
OP625: OK
OP626: OK
OP627: OK
OP628: OK
OP629: OK
OP630: UNKNOWN OPERATION
OP631: OK
OP632: UNKNOWN OPERATION
OP633: OK
OP634: OK
OP635: OK
OP636: NOT ENOUGH USER MONEY
OP637: OK
OP638: OK
OP639: OK
OP640: OK
OP641: OK
OP642: OK
OP643: UNKNOWN OPERATION
OP644: OK
OP645: OK
OP646: UNKNOWN OPERATION
OP647: OK
OP648: OK
OP649: NOT ENOUGH USER MONEY
OP650: OK
OP651: OK
OP652: OK
OP653: OK
OP654: OK
OP655: OK
OP656: OK
OP657: OK
OP658: OK
OP659: NOT ENOUGH USER MONEY
OP660: OK
OP661: OK
OP662: OK
OP663: OK
OP664: OK
OP665: OK
OP666: OK
OP667: OK
OP668: OK
OP669: OK
OP670: OK
OP671: OK
OP672: OK
OP673: OK
OP674: OK
OP675: OK
OP676: OK
OP677: OK
OP678: OK
OP679: UNKNOWN OPERATION
OP680: OK
OP681: OK
OP682: OK
OP683: OK
OP684: OK
OP685: OK
OP686: OK
OP687: OK
OP688: OK
OP689: UNKNOWN OPERATION
OP690: OK
OP691: OK
OP692: OK
OP693: OK
OP694: OK
OP695: OK
OP696: OK
OP697: OK
OP698: OK
OP699: OK
OP700: NOT ENOUGH USER MONEY
OP701: OK
OP702: OK
OP703: OK
OP704: OK
OP705: OK
OP706: NOT ENOUGH USER MONEY
OP707: OK
OP708: OK
OP709: OK
OP710: OK
OP711: OK
OP712: NOT ENOUGH USER MONEY
OP713: OK
OP714: OK
OP715: OK
OP716: NOT ENOUGH USER MONEY
OP717: OK
OP718: OK
OP719: OK
OP720: OK
OP721: OK
OP722: OK
OP723: OK
OP724: OK
OP725: OK
OP726: OK
OP727: OK
OP728: OK
OP729: OK
OP730: OK
OP731: OK
OP732: OK
OP733: OK
OP734: OK
OP735: OK
OP736: OK
OP737: OK
OP738: OK
OP739: OK
OP740: OK
OP741: OK
OP742: OK
OP743: NOT ENOUGH USER MONEY
OP744: OK
OP745: OK
OP746: OK
OP747: OK
OP748: UNKNOWN OPERATION
OP749: NOT ENOUGH USER MONEY
OP750: NOT ENOUGH USER MONEY
OP751: NOT ENOUGH USER MONEY
OP752: OK
OP753: OK
OP754: OK
OP755: OK
OP756: NOT ENOUGH USER MONEY
OP757: OK
OP758: OK
OP759: OK
OP760: OK
OP761: OK
OP762: OK
OP763: OK
OP764: OK
OP765: OK
OP766: OK
OP767: OK
OP768: OK
OP769: OK
OP770: OK
OP771: OK
OP772: NOT ENOUGH USER MONEY
OP773: OK
OP774: OK
OP775: OK
OP776: OK
OP777: OK
OP778: OK
OP779: NOT ENOUGH USER MONEY
OP780: OK
OP781: OK
OP782: OK
OP783: OK
OP784: OK
OP785: OK
OP786: OK
OP787: OK
OP788: OK
OP789: OK
OP790: OK
OP791: OK
OP792: OK
OP793: NOT ENOUGH USER MONEY
OP794: OK
OP795: OK
OP796: OK
OP797: OK
OP798: OK
OP799: OK
OP800: OK
OP801: OK
OP802: OK
OP803: NOT ENOUGH USER MONEY
OP804: OK
OP805: OK
OP806: OK
OP807: OK
OP808: OK
OP809: OK
OP810: OK
OP811: OK
OP812: OK
OP813: OK
OP814: OK
OP815: OK
OP816: OK
OP817: OK
OP818: OK
OP819: OK
OP820: OK
OP821: OK
OP822: OK
OP823: OK
OP824: OK
OP825: OK
OP826: OK
OP827: OK
OP828: OK
OP829: OK
OP830: OK
OP831: OK
OP832: OK
OP833: OK
OP834: OK
OP835: OK
OP836: OK
OP837: OK
OP838: OK
OP839: OK
OP840: OK
OP841: OK
OP842: OK
OP843: UNKNOWN OPERATION
OP844: OK
OP845: OK
OP846: UNKNOWN OPERATION
OP847: OK
OP848: OK
OP849: OK
OP850: OK
OP851: OK
OP852: NOT ENOUGH USER MONEY
OP853: OK
OP854: OK
OP855: OK
OP856: OK
OP857: NOT ENOUGH USER MONEY
OP858: OK
OP859: OK
OP860: UNKNOWN OPERATION
OP861: OK
OP862: NOT ENOUGH USER MONEY
OP863: OK
OP864: OK
OP865: OK
OP866: OK
OP867: OK
OP868: OK
OP869: OK
OP870: OK
OP871: OK
OP872: OK
OP873: NOT ENOUGH USER MONEY
OP874: OK
OP875: UNKNOWN OPERATION
OP876: OK
OP877: OK
OP878: OK
OP879: OK
OP880: OK
OP881: OK
OP882: OK
OP883: NOT ENOUGH USER MONEY
OP884: OK
OP885: OK
OP886: OK
OP887: OK
OP888: OK
OP889: NOT ENOUGH USER MONEY
OP890: OK
OP891: OK
OP892: NOT ENOUGH USER MONEY
OP893: OK
OP894: OK
OP895: OK
OP896: OK
OP897: OK
OP898: OK
OP899: OK
OP900: OK
OP901: OK
OP902: OK
OP903: OK
OP904: OK
OP905: OK
OP906: OK
OP907: OK
OP908: OK
OP909: OK
OP910: OK
OP911: OK
OP912: UNKNOWN OPERATION
OP913: OK
OP914: OK
OP915: OK
OP916: OK
OP917: OK
OP918: NOT ENOUGH USER MONEY
OP919: OK
OP920: OK
OP921: OK
OP922: OK
OP923: OK
OP924: OK
OP925: OK
OP926: OK
OP927: NOT ENOUGH USER MONEY
OP928: OK
OP929: OK
OP930: OK
OP931: OK
OP932: OK
OP933: OK
OP934: OK
OP935: OK
OP936: OK
OP937: OK
OP938: OK
OP939: OK
OP940: OK
OP941: OK
OP942: OK
OP943: UNKNOWN OPERATION
OP944: OK
OP945: OK
OP946: OK
OP947: OK
OP948: OK
OP949: OK
OP950: OK
OP951: OK
OP952: OK
OP953: UNKNOWN OPERATION
OP954: OK
OP955: OK
OP956: OK
OP957: NOT ENOUGH USER MONEY
OP958: OK
OP959: OK
OP960: OK
OP961: OK
OP962: OK
OP963: OK
OP964: OK
OP965: OK
OP966: OK
OP967: OK
OP968: OK
OP969: NOT ENOUGH USER MONEY
OP970: OK
OP971: OK
OP972: OK
OP973: OK
OP974: OK
OP975: OK
OP976: OK
OP977: OK
OP978: OK
OP979: OK
OP980: OK
OP981: OK
OP982: NOT ENOUGH USER MONEY
OP983: UNKNOWN OPERATION
OP984: OK
OP985: OK
OP986: NOT ENOUGH USER MONEY
OP987: OK
OP988: OK
OP989: OK
OP990: OK
OP991: OK
OP992: OK
OP993: OK
OP994: OK
OP995: OK
OP996: UNKNOWN OPERATION
OP997: OK
OP998: NOT ENOUGH USER MONEY
OP999: OK
OP1000: OK
