OP1: PRODUCT NOT FOUND
OP2: OK
OP3: OK
OP4: OK
OP5: PRODUCT NOT FOUND
OP6: PRODUCT NOT FOUND
OP7: OK
OP8: OK
OP9: OK
OP10: OK
OP11: OK
OP12: OK
OP13: UNKNOWN OPERATION
OP14: OK
OP15: PRODUCT NOT FOUND
OP16: OK
OP17: UNKNOWN OPERATION
OP18: OK
OP19: PRODUCT NOT FOUND
OP20: OK
OP21: OK
OP22: OK
OP23: PRODUCT NOT FOUND
OP24: OK
OP25: OK
OP26: OK
OP27: OK
OP28: PRODUCT NOT FOUND
OP29: OK
OP30: OK
OP31: OK
OP32: OK
OP33: UNKNOWN OPERATION
OP34: OK
OP35: PRODUCT NOT FOUND
OP36: OK
OP37: PRODUCT NOT FOUND
OP38: UNKNOWN OPERATION
OP39: PRODUCT NOT FOUND
OP40: OK
OP41: PRODUCT NOT FOUND
OP42: OK
OP43: OK
OP44: OK
OP45: OK
OP46: OK
OP47: OK
OP48: PRODUCT NOT FOUND
OP49: OK
OP50: UNKNOWN OPERATION
OP51: OK
OP52: OK
OP53: OK
OP54: OK
OP55: OK
OP56: OK
OP57: UNKNOWN OPERATION
OP58: OK
OP59: NOT ENOUGH USER MONEY
OP60: OK
OP61: OK
OP62: OK
OP63: OK
OP64: PRODUCT NOT FOUND
OP65: OK
OP66: OK
OP67: OK
OP68: OK
OP69: OK
OP70: PRODUCT NOT FOUND
OP71: OK
OP72: UNKNOWN OPERATION
OP73: OK
OP74: OK
OP75: OK
OP76: OK
OP77: OK
OP78: OK
OP79: UNKNOWN OPERATION
OP80: OK
OP81: OK
OP82: OK
OP83: OK
OP84: OK
OP85: OK
OP86: OK
OP87: OK
OP88: PRODUCT NOT FOUND
OP89: OK
OP90: OUT OF STOCK
OP91: OK
OP92: OK
OP93: OK
OP94: OK
OP95: OK
OP96: UNKNOWN OPERATION
OP97: OK
OP98: OK
OP99: OK
OP100: OK
OP101: OK
OP102: OK
OP103: PRODUCT NOT FOUND
OP104: OK
OP105: OK
OP106: OK
OP107: OK
OP108: OK
OP109: OK
OP110: OK
OP111: OK
OP112: OK
OP113: OK
OP114: OK
OP115: OK
OP116: OK
OP117: OK
OP118: OK
OP119: OK
OP120: OK
OP121: OK
OP122: OK
OP123: OK
OP124: OK
OP125: OK
OP126: OK
OP127: OUT OF STOCK
OP128: OK
OP129: OK
OP130: OK
OP131: OK
OP132: OK
OP133: OK
OP134: OK
OP135: OK
OP136: OK
OP137: OUT OF STOCK
OP138: OK
OP139: OK
OP140: NOT ENOUGH USER MONEY
OP141: OK
OP142: OK
OP143: OK
OP144: PRODUCT NOT FOUND
OP145: OK
OP146: OUT OF STOCK
OP147: OK
OP148: OK
OP149: OK
OP150: OK
OP151: OK
OP152: NOT ENOUGH USER MONEY
OP153: OK
OP154: OK
OP155: OK
OP156: OK
OP157: OK
OP158: OK
OP159: OK
OP160: OK
OP161: OK
OP162: OK
OP163: OK
OP164: OK
OP165: OK
OP166: UNKNOWN OPERATION
OP167: OK
OP168: OK
OP169: OK
OP170: OK
OP171: OK
OP172: OK
OP173: OK
OP174: OK
OP175: PRODUCT NOT FOUND
OP176: OK
OP177: OK
OP178: OK
OP179: OK
OP180: OK
OP181: OK
OP182: OK
OP183: OK
OP184: OK
OP185: OK
OP186: OK
OP187: OK
OP188: OK
OP189: OK
OP190: NOT ENOUGH USER MONEY
OP191: OK
OP192: OK
OP193: OK
OP194: OK
OP195: OK
OP196: OK
OP197: OK
OP198: OK
OP199: OK
OP200: OK
OP201: PRODUCT NOT FOUND
OP202: OK
OP203: OK
OP204: OK
OP205: OK
OP206: OK
OP207: OK
OP208: OK
OP209: OK
OP210: OK
OP211: OK
OP212: UNKNOWN OPERATION
OP213: OK
OP214: OK
OP215: NOT ENOUGH USER MONEY
OP216: OK
OP217: OK
OP218: OK
OP219: OK
OP220: OK
OP221: OK
OP222: OK
OP223: OK
OP224: OK
OP225: OK
OP226: OK
OP227: OK
OP228: OK
OP229: OK
OP230: OK
OP231: OK
OP232: OK
OP233: OK
OP234: NOT ENOUGH USER MONEY
OP235: OK
OP236: OK
OP237: OK
OP238: PRODUCT NOT FOUND
OP239: OK
OP240: NOT ENOUGH USER MONEY
OP241: OK
OP242: OK
OP243: OK
OP244: OK
OP245: UNKNOWN OPERATION
OP246: OK
OP247: OK
OP248: OK
OP249: OK
OP250: OK
OP251: OK
OP252: OK
OP253: OK
OP254: UNKNOWN OPERATION
OP255: OK
OP256: OK
OP257: OK
OP258: OK
OP259: OK
OP260: OK
OP261: OK
OP262: OK
OP263: OK
OP264: OK
OP265: OK
OP266: OK
OP267: OK
OP268: OK
OP269: OK
OP270: OK
OP271: OK
OP272: UNKNOWN OPERATION
OP273: OK
OP274: OK
OP275: OK
OP276: OK
OP277: OK
OP278: OK
OP279: OK
OP280: OK
OP281: OK
OP282: OK
OP283: OK
OP284: OK
OP285: OK
OP286: OK
OP287: OK
OP288: OK
OP289: OK
OP290: OK
OP291: OK
OP292: NOT ENOUGH USER MONEY
OP293: OK
OP294: OK
OP295: OK
OP296: OK
OP297: OK
OP298: OK
OP299: OK
OP300: OK
OP301: OK
OP302: NOT ENOUGH USER MONEY
OP303: OK
OP304: OK
OP305: OK
OP306: OK
OP307: OK
OP308: OK
OP309: OK
OP310: NOT ENOUGH USER MONEY
OP311: OK
OP312: UNKNOWN OPERATION
OP313: OK
OP314: OK
OP315: OK
OP316: OK
OP317: OK
OP318: OK
OP319: OK
OP320: OK
OP321: OK
OP322: OK
OP323: OK
OP324: OK
OP325: OK
OP326: OK
OP327: OK
OP328: OK
OP329: NOT ENOUGH USER MONEY
OP330: OK
OP331: OK
OP332: OK
OP333: OUT OF STOCK
OP334: OK
OP335: OK
OP336: NOT ENOUGH USER MONEY
OP337: OK
OP338: OK
OP339: NOT ENOUGH USER MONEY
OP340: UNKNOWN OPERATION
OP341: OK
OP342: OK
OP343: OK
OP344: OK
OP345: OK
OP346: OK
OP347: OK
OP348: OK
OP349: OK
OP350: OK
OP351: OK
OP352: OK
OP353: OK
OP354: OK
OP355: OK
OP356: OK
OP357: OK
OP358: OK
OP359: OK
OP360: OK
OP361: OK
OP362: OK
OP363: OK
OP364: OK
OP365: OK
OP366: OK
OP367: OK
OP368: OK
OP369: OK
OP370: OK
OP371: OK
OP372: OK
OP373: OK
OP374: OK
OP375: OK
OP376: OK
OP377: OK
OP378: OK
OP379: OK
OP380: NOT ENOUGH USER MONEY
OP381: OK
OP382: NOT ENOUGH USER MONEY
OP383: OK
OP384: OK
OP385: OK
OP386: OK
OP387: OK
OP388: OK
OP389: OK
OP390: NOT ENOUGH USER MONEY
OP391: OK
OP392: NOT ENOUGH USER MONEY
OP393: NOT ENOUGH USER MONEY
OP394: OK
OP395: OK
OP396: OK
OP397: UNKNOWN OPERATION
OP398: OK
OP399: OK
OP400: OK
OP401: OK
OP402: OK
OP403: OK
OP404: OK
OP405: OK
OP406: OK
OP407: OK
OP408: OK
OP409: OK
OP410: OK
OP411: OK
OP412: OK
OP413: OK
OP414: OK
OP415: OK
OP416: OK
OP417: OK
OP418: OK
OP419: OK
OP420: UNKNOWN OPERATION
OP421: OK
OP422: OK
OP423: OK
OP424: OK
OP425: OK
OP426: OK
OP427: OK
OP428: OK
OP429: OK
OP430: OK
OP431: OK
OP432: OK
OP433: OK
OP434: OK
OP435: OK
OP436: OK
OP437: NOT ENOUGH USER MONEY
OP438: OK
OP439: OK
OP440: OK
OP441: OK
OP442: OK
OP443: OK
OP444: OK
OP445: OK
OP446: OK
OP447: NOT ENOUGH USER MONEY
OP448: OK
OP449: OK
OP450: OK
OP451: OK
OP452: OK
OP453: OK
OP454: OK
OP455: OK
OP456: OK
OP457: OK
OP458: OK
OP459: OK
OP460: OK
OP461: OK
OP462: OK
OP463: OK
OP464: OK
OP465: OK
OP466: OK
OP467: OK
OP468: OK
OP469: OK
OP470: OK
OP471: OK
OP472: OK
OP473: OK
OP474: OK
OP475: OK
OP476: OK
OP477: OK
OP478: OK
OP479: OK
OP480: UNKNOWN OPERATION
OP481: OK
OP482: OK
OP483: OK
OP484: OK
OP485: NOT ENOUGH USER MONEY
OP486: NOT ENOUGH USER MONEY
OP487: OK
OP488: OK
OP489: OK
OP490: OK
OP491: OK
OP492: NOT ENOUGH USER MONEY
OP493: OK
OP494: OK
OP495: OK
OP496: OK
OP497: OK
OP498: OK
OP499: UNKNOWN OPERATION
OP500: OK
OP501: OK
OP502: OK
OP503: OK
OP504: OK
OP505: OK
OP506: OK
OP507: OK
OP508: OK
OP509: NOT ENOUGH USER MONEY
OP510: OK
OP511: OK
OP512: OK
OP513: OK
OP514: OK
OP515: OK
OP516: OK
OP517: OK
OP518: OK
OP519: OK
OP520: OK
OP521: NOT ENOUGH USER MONEY
OP522: NOT ENOUGH USER MONEY
OP523: OK
OP524: OK
OP525: OK
OP526: OK
OP527: OK
OP528: OK
OP529: OK
OP530: OK
OP531: OK
OP532: NOT ENOUGH USER MONEY
OP533: OK
OP534: OK
OP535: OK
OP536: OK
OP537: OK
OP538: UNKNOWN OPERATION
OP539: OK
OP540: OK
OP541: OK
OP542: OK
OP543: OK
OP544: OK
OP545: OK
OP546: OK
OP547: OK
OP548: OK
OP549: OK
OP550: OK
OP551: OK
OP552: OK
OP553: OK
OP554: OK
OP555: NOT ENOUGH USER MONEY
OP556: OK
OP557: OK
OP558: OK
OP559: OK
OP560: OK
OP561: OK
OP562: NOT ENOUGH USER MONEY
OP563: OK
OP564: OK
OP565: OK
OP566: OK
OP567: OK
OP568: OK
OP569: OK
OP570: OK
OP571: OK
OP572: OK
OP573: OK
OP574: OK
OP575: OK
OP576: OK
OP577: OK
OP578: NOT ENOUGH USER MONEY
OP579: OK
OP580: OK
OP581: OK
OP582: OK
OP583: OK
OP584: OK
OP585: OK
OP586: OK
OP587: OK
OP588: OK
OP589: OK
OP590: OK
OP591: OK
OP592: OK
OP593: UNKNOWN OPERATION
OP594: OK
OP595: OK
OP596: OK
OP597: OK
OP598: OK
OP599: OK
OP600: OK
OP601: OK
OP602: OK
OP603: OK
OP604: OK
OP605: OK
OP606: NOT ENOUGH USER MONEY
OP607: OK
OP608: OK
OP609: UNKNOWN OPERATION
OP610: OK
OP611: OK
OP612: OK
OP613: OK
OP614: OK
OP615: OK
OP616: OK
OP617: OK
OP618: OK
OP619: OK
OP620: OK
OP621: OK
OP622: OK
OP623: OK
OP624: OK
OP625: OK
OP626: OK
OP627: OK
OP628: OK
OP629: OK
OP630: OK
OP631: OK
OP632: UNKNOWN OPERATION
OP633: OK
OP634: OK
OP635: OK
OP636: OK
OP637: OK
OP638: UNKNOWN OPERATION
OP639: OK
OP640: OK
OP641: OK
OP642: OK
OP643: OK
OP644: OK
OP645: OK
OP646: OK
OP647: OK
OP648: OK
OP649: OK
OP650: UNKNOWN OPERATION
OP651: OK
OP652: OK
OP653: OK
OP654: OK
OP655: OK
OP656: OK
OP657: OK
OP658: OK
OP659: OK
OP660: OK
OP661: OK
OP662: OK
OP663: OK
OP664: OK
OP665: OK
OP666: OK
OP667: OK
OP668: OK
OP669: OK
OP670: OK
OP671: OK
OP672: OK
OP673: OK
OP674: OK
OP675: NOT ENOUGH USER MONEY
OP676: OK
OP677: OK
OP678: OK
OP679: OK
OP680: OK
OP681: OK
OP682: OK
OP683: OK
OP684: UNKNOWN OPERATION
OP685: OK
OP686: OK
OP687: OK
OP688: OK
OP689: OK
OP690: OK
OP691: OK
OP692: OK
OP693: UNKNOWN OPERATION
OP694: OK
OP695: OK
OP696: OK
OP697: OK
OP698: OK
OP699: OK
OP700: OK
OP701: OK
OP702: OK
OP703: OK
OP704: OK
OP705: OK
OP706: OK
OP707: OK
OP708: OK
OP709: OK
OP710: UNKNOWN OPERATION
OP711: OK
OP712: OK
OP713: OK
OP714: OK
OP715: OK
OP716: OK
OP717: OK
OP718: OK
OP719: NOT ENOUGH USER MONEY
OP720: OK
OP721: OK
OP722: OK
OP723: OK
OP724: NOT ENOUGH USER MONEY
OP725: OK
OP726: OK
OP727: NOT ENOUGH USER MONEY
OP728: OK
OP729: OK
OP730: OK
OP731: OK
OP732: UNKNOWN OPERATION
OP733: OK
OP734: OK
OP735: OK
OP736: OK
OP737: OK
OP738: OK
OP739: OK
OP740: OK
OP741: OK
OP742: OK
OP743: OK
OP744: OK
OP745: OK
OP746: OK
OP747: OK
OP748: NOT ENOUGH USER MONEY
OP749: OK
OP750: OK
OP751: OK
OP752: OK
OP753: OK
OP754: OK
OP755: OK
OP756: OK
OP757: OK
OP758: OK
OP759: OK
OP760: NOT ENOUGH USER MONEY
OP761: OK
OP762: NOT ENOUGH USER MONEY
OP763: OK
OP764: OK
OP765: OK
OP766: OK
OP767: NOT ENOUGH USER MONEY
OP768: NOT ENOUGH USER MONEY
OP769: OK
OP770: OK
OP771: OK
OP772: OK
OP773: OK
OP774: OK
OP775: OK
OP776: OK
OP777: OK
OP778: OK
OP779: OK
OP780: OK
OP781: OK
OP782: OK
OP783: OK
OP784: OK
OP785: OK
OP786: OK
OP787: UNKNOWN OPERATION
OP788: OK
OP789: OK
OP790: OK
OP791: OK
OP792: OK
OP793: OK
OP794: OK
OP795: OK
OP796: NOT ENOUGH USER MONEY
OP797: OK
OP798: OK
OP799: OK
OP800: OK
OP801: OK
OP802: NOT ENOUGH USER MONEY
OP803: NOT ENOUGH USER MONEY
OP804: UNKNOWN OPERATION
OP805: OK
OP806: OK
OP807: NOT ENOUGH USER MONEY
OP808: NOT ENOUGH USER MONEY
OP809: OK
OP810: OK
OP811: OK
OP812: OK
OP813: OK
OP814: OK
OP815: OK
OP816: OK
OP817: OK
OP818: OK
OP819: OK
OP820: OK
OP821: OK
OP822: OK
OP823: OK
OP824: UNKNOWN OPERATION
OP825: NOT ENOUGH USER MONEY
OP826: OK
OP827: OK
OP828: OK
OP829: OK
OP830: OK
OP831: OK
OP832: OK
OP833: OK
OP834: OK
OP835: OK
OP836: OK
OP837: OK
OP838: OK
OP839: OK
OP840: OK
OP841: OK
OP842: OK
OP843: OK
OP844: OK
OP845: OK
OP846: OK
OP847: OK
OP848: NOT ENOUGH USER MONEY
OP849: OK
OP850: OK
OP851: OK
OP852: OK
OP853: OK
OP854: OK
OP855: OK
OP856: OK
OP857: OK
OP858: OK
OP859: OK
OP860: OK
OP861: OK
OP862: OK
OP863: OK
OP864: OK
OP865: OK
OP866: OK
OP867: NOT ENOUGH USER MONEY
OP868: OK
OP869: OK
OP870: OK
OP871: OK
OP872: OK
OP873: OK
OP874: OK
OP875: OK
OP876: OK
OP877: OK
OP878: NOT ENOUGH USER MONEY
OP879: NOT ENOUGH USER MONEY
OP880: OK
OP881: OK
OP882: NOT ENOUGH USER MONEY
OP883: OK
OP884: OK
OP885: OK
OP886: OK
OP887: OK
OP888: OK
OP889: OK
OP890: OK
OP891: OK
OP892: OK
OP893: OK
OP894: OK
OP895: NOT ENOUGH USER MONEY
OP896: OK
OP897: UNKNOWN OPERATION
OP898: UNKNOWN OPERATION
OP899: OK
OP900: OK
OP901: OK
OP902: OK
OP903: OK
OP904: OK
OP905: OK
OP906: OK
OP907: OK
OP908: OK
OP909: OK
OP910: OK
OP911: OK
OP912: OK
OP913: OK
OP914: OK
OP915: OK
OP916: OK
OP917: OK
OP918: OK
OP919: OK
OP920: OK
OP921: OK
OP922: OK
OP923: OK
OP924: OK
OP925: OK
OP926: OK
OP927: OK
OP928: OK
OP929: OK
OP930: OK
OP931: OK
OP932: NOT ENOUGH USER MONEY
OP933: OK
OP934: OK
OP935: OK
OP936: OK
OP937: OK
OP938: OK
OP939: NOT ENOUGH USER MONEY
OP940: OK
OP941: OK
OP942: OK
OP943: OK
OP944: OK
OP945: NOT ENOUGH USER MONEY
OP946: OK
OP947: OK
OP948: OK
OP949: OK
OP950: OK
OP951: OK
OP952: OK
OP953: OK
OP954: OK
OP955: NOT ENOUGH USER MONEY
OP956: OK
OP957: OK
OP958: OK
OP959: NOT ENOUGH USER MONEY
OP960: OK
OP961: UNKNOWN OPERATION
OP962: OK
OP963: OK
OP964: NOT ENOUGH USER MONEY
OP965: OK
OP966: OK
OP967: OK
OP968: OK
OP969: OK
OP970: OK
OP971: OK
OP972: OK
OP973: OK
OP974: OK
OP975: UNKNOWN OPERATION
OP976: OK
OP977: NOT ENOUGH USER MONEY
OP978: OK
OP979: OK
OP980: OK
OP981: OK
OP982: OK
OP983: NOT ENOUGH USER MONEY
OP984: OK
OP985: OK
OP986: OK
OP987: OK
OP988: OK
OP989: NOT ENOUGH USER MONEY
OP990: OK
OP991: OK
OP992: OK
OP993: OK
OP994: OK
OP995: OK
OP996: OK
OP997: NOT ENOUGH USER MONEY
OP998: NOT ENOUGH USER MONEY
OP999: OK
OP1000: OK
